------------------- BAM crash-report -------------
  BAM path: H:\[Emulz]\EmulationStation\fpinball\BAM
       XML: 
     table: H:\[Emulz]\roms\fpinball\TXsector_1.1.fpt
         1: TAG: FILE=dllmain.cpp, LINE=2053, FUNC=BAM_FuturePinbal_Dispatch::Release
         2: TAG: FILE=dllmain.cpp, LINE=500, FUNC=Routed_SwapBuffers
       SBC: -1
       NFC: 0
Loaded modules:
Future Pinball.exe, 1.9.2008.1225 : 00400000 - 01F3F000
ntdll.dll, 6.2.18362.387 : 77530000 - 776CA000
KERNEL32.DLL, 6.2.18362.329 : 75520000 - 75600000
KERNELBASE.dll, 6.2.18362.535 : 75E70000 - 7606C000
apphelp.dll, 6.2.18362.1 : 6DE00000 - 6DE9F000
AcLayers.DLL, 6.2.18362.449 : 6D430000 - 6D6B4000
msvcrt.dll, 7.0.18362.1 : 74EB0000 - 74F6F000
USER32.dll, 6.2.18362.535 : 75320000 - 754B7000
win32u.dll, 6.2.18362.535 : 74E90000 - 74EA7000
GDI32.dll, 6.2.18362.1 : 76380000 - 763A1000
gdi32full.dll, 6.2.18362.535 : 773C0000 - 7751A000
msvcp_win.dll, 6.2.18362.387 : 763B0000 - 7642C000
ucrtbase.dll, 6.2.18362.387 : 760B0000 - 761CF000
SHELL32.dll, 6.2.18362.535 : 75680000 - 75BFA000
cfgmgr32.dll, 6.2.18362.387 : 76070000 - 760AB000
shcore.dll, 6.2.18362.1 : 77310000 - 77394000
RPCRT4.dll, 6.2.18362.476 : 76220000 - 762DB000
SspiCli.dll, 6.2.18362.1 : 74D00000 - 74D20000
CRYPTBASE.dll, 6.2.18362.1 : 74CF0000 - 74CFA000
bcryptPrimitives.dll, 6.2.18362.295 : 762F0000 - 7634F000
sechost.dll, 6.2.18362.267 : 752A0000 - 75316000
combase.dll, 6.2.18362.449 : 76430000 - 766A6000
windows.storage.dll, 6.2.18362.535 : 76C40000 - 77205000
advapi32.dll, 6.2.18362.329 : 76BC0000 - 76C39000
profapi.dll, 6.2.18362.1 : 773A0000 - 773B7000
powrprof.dll, 6.2.18362.1 : 74F70000 - 74FB3000
UMPDC.dll,  : 76B90000 - 76B9D000
shlwapi.dll, 6.2.18362.1 : 761D0000 - 76214000
kernel.appcore.dll, 6.2.18362.1 : 762E0000 - 762EF000
cryptsp.dll, 6.2.18362.1 : 75DC0000 - 75DD3000
OLEAUT32.dll, 6.2.18362.535 : 750D0000 - 75162000
SETUPAPI.dll, 6.2.18362.1 : 766C0000 - 76B09000
bcrypt.dll, 6.2.18362.267 : 76BA0000 - 76BB9000
MPR.dll, 6.2.18362.1 : 728B0000 - 728C8000
sfc.dll, 6.2.18362.1 : 66680000 - 66683000
WINSPOOL.DRV, 6.2.18362.267 : 74C80000 - 74CEB000
PROPSYS.dll, 7.0.18362.267 : 74B70000 - 74C35000
IPHLPAPI.DLL, 6.2.18362.1 : 74C40000 - 74C72000
sfc_os.DLL, 6.2.18362.1 : 6D410000 - 6D41F000
IMM32.DLL, 6.2.18362.387 : 75270000 - 75295000
COMDLG32.dll, 6.2.18362.418 : 75020000 - 750D0000
ole32.dll, 6.2.18362.113 : 75170000 - 75267000
COMCTL32.dll, 6.10.18362.535 : 6D890000 - 6DA9F000
libcurl.dll, 7.13.1.0 : 10000000 - 1009D000
DINPUT8.dll, 6.2.18362.1 : 72B30000 - 72B67000
OPENGL32.dll, 6.2.18362.387 : 5EE30000 - 5EF2F000
GLU32.dll, 6.2.18362.387 : 5EDF0000 - 5EE2F000
WINMM.dll, 6.2.18362.1 : 74A60000 - 74A84000
WSOCK32.dll, 6.2.18362.1 : 749C0000 - 749C8000
WS2_32.dll, 6.2.18362.387 : 74FC0000 - 7501E000
winmmbase.dll, 6.2.18362.1 : 74A30000 - 74A53000
dxcore.dll, 6.2.18362.1 : 6DAB0000 - 6DAC9000
Newton.dll,  : 03E00000 - 03E71000
fmod.dll, 3.7.4.0 : 03E80000 - 03F16000
ILU.dll, 0.1.6.5 : 02190000 - 021A3000
DevIL.dll, 0.1.6.5 : 03F20000 - 04093000
ILUT.dll, 0.1.6.5 : 001F0000 - 001FD000
WININET.dll, 11.0.18362.418 : 72FF0000 - 7344C000
MSACM32.dll, 6.2.18362.1 : 73C50000 - 73C69000
BAM.dll, 1.4.251.0 : 5A250000 - 5A821000
PSAPI.DLL, 6.2.18362.1 : 76B20000 - 76B26000
VERSION.dll, 6.2.18362.1 : 74800000 - 74808000
HID.DLL, 6.2.18362.1 : 73C30000 - 73C3B000
renderingengine.dll,  : 59E30000 - 5A244000
--------------------------------------------------
Error code C0000005: ACCESS VIOLATION

   Address: 0042E2E2 -> Future Pinball.exe:0002E2E2
     Flags: 00000000

  Fault Occured At $ADDRESS:0042E2E2 ->Future Pinball.exe:0002E2E2
         with 

   Address: 00439B11 -> Future Pinball.exe:00039B11
***  0 called from $ADDRESS:00439B11
