17:37:37:825 [04920] | INFO  | Initializing crosire's ReShade version '4.5.4.114' (64-bit) built on '2020-02-14 11:36:13' loaded from "E:\RetroBat\emulators\supermodel\OPENGL32.dll" into "E:\RetroBat\emulators\supermodel\supermodel.exe" ...
17:37:37:910 [04920] | INFO  | Registering hooks for "user32.dll" ...
17:37:37:910 [04920] | INFO  | > Libraries loaded.
17:37:37:910 [04920] | INFO  | > Found 13 match(es). Installing ...
17:37:37:931 [04920] | INFO  | Registering hooks for "ws2_32.dll" ...
17:37:37:931 [04920] | INFO  | > Libraries loaded.
17:37:37:931 [04920] | INFO  | > Found 8 match(es). Installing ...
17:37:37:951 [04920] | INFO  | Registering hooks for "C:\Windows\system32\d3d9.dll" ...
17:37:37:951 [04920] | INFO  | > Delayed.
17:37:37:951 [04920] | INFO  | Registering hooks for "C:\Windows\system32\d3d10.dll" ...
17:37:37:952 [04920] | INFO  | > Delayed.
17:37:37:952 [04920] | INFO  | Registering hooks for "C:\Windows\system32\d3d10_1.dll" ...
17:37:37:952 [04920] | INFO  | > Delayed.
17:37:37:952 [04920] | INFO  | Registering hooks for "C:\Windows\system32\d3d11.dll" ...
17:37:37:953 [04920] | INFO  | > Delayed.
17:37:37:953 [04920] | INFO  | Registering hooks for "C:\Windows\system32\d3d12.dll" ...
17:37:37:953 [04920] | INFO  | > Delayed.
17:37:37:953 [04920] | INFO  | Registering hooks for "C:\Windows\system32\dxgi.dll" ...
17:37:37:953 [04920] | INFO  | > Delayed.
17:37:37:953 [04920] | INFO  | Registering hooks for "C:\Windows\system32\opengl32.dll" ...
17:37:37:953 [04920] | INFO  | > Delayed until first call to an exported function.
17:37:37:953 [04920] | INFO  | Initialized.
17:37:40:606 [04920] | INFO  | Redirecting RegisterClassExW(lpWndClassEx = 0000000000B7F0A0 { SDL_app }) ...
17:37:40:607 [04920] | INFO  | > Adding 'CS_OWNDC' window class style flag to 'SDL_app'.
17:37:40:666 [04920] | INFO  | Redirecting wglChoosePixelFormat(hdc = 000000006E010B67, ppfd = 0000000000B7F380) ...
17:37:40:666 [04920] | INFO  | > Dumping pixel format descriptor:
17:37:40:666 [04920] | INFO  |   +-----------------------------------------+-----------------------------------------+
17:37:40:666 [04920] | INFO  |   | Name                                    | Value                                   |
17:37:40:666 [04920] | INFO  |   +-----------------------------------------+-----------------------------------------+
17:37:40:666 [04920] | INFO  |   | Flags                                   | 0x25                                    |
17:37:40:666 [04920] | INFO  |   | ColorBits                               | 24                                      |
17:37:40:666 [04920] | INFO  |   | DepthBits                               | 24                                      |
17:37:40:666 [04920] | INFO  |   | StencilBits                             | 8                                       |
17:37:40:666 [04920] | INFO  |   +-----------------------------------------+-----------------------------------------+
17:37:40:668 [04920] | INFO  | Installing export hooks for "C:\Windows\system32\opengl32.dll" ...
17:37:40:668 [04920] | INFO  | > Found 360 match(es). Installing ...
17:37:40:749 [04920] | INFO  | > Returning pixel format: 11
17:37:40:750 [04920] | INFO  | Redirecting wglSetPixelFormat(hdc = 000000006E010B67, iPixelFormat = 11, ppfd = 0000000000B7F380) ...
17:37:40:750 [04920] | INFO  | Redirecting wglCreateContext(hdc = 000000006E010B67) ...
17:37:40:750 [04920] | INFO  | > Passing on to wglCreateLayerContext ...
17:37:40:750 [04920] | INFO  | Redirecting wglCreateLayerContext(hdc = 000000006E010B67, iLayerPlane = 0) ...
17:37:40:829 [04920] | INFO  | Running on NVIDIA GeForce RTX 2060 SUPER/PCIe/SSE2 using OpenGL 4.6.0 NVIDIA 512.77
17:37:41:660 [04920] | INFO  | Redirecting wglDeleteContext(hglrc = 0000000000010000) ...
17:37:41:667 [04920] | INFO  | Redirecting wglChoosePixelFormat(hdc = 0000000070010B5E, ppfd = 0000000000B7F0F0) ...
17:37:41:667 [04920] | INFO  | > Dumping pixel format descriptor:
17:37:41:667 [04920] | INFO  |   +-----------------------------------------+-----------------------------------------+
17:37:41:667 [04920] | INFO  |   | Name                                    | Value                                   |
17:37:41:667 [04920] | INFO  |   +-----------------------------------------+-----------------------------------------+
17:37:41:667 [04920] | INFO  |   | Flags                                   | 0x25                                    |
17:37:41:667 [04920] | INFO  |   | ColorBits                               | 24                                      |
17:37:41:667 [04920] | INFO  |   | DepthBits                               | 24                                      |
17:37:41:667 [04920] | INFO  |   | StencilBits                             | 8                                       |
17:37:41:667 [04920] | INFO  |   +-----------------------------------------+-----------------------------------------+
17:37:41:672 [04920] | INFO  | > Returning pixel format: 11
17:37:41:672 [04920] | INFO  | Redirecting wglSetPixelFormat(hdc = 0000000070010B5E, iPixelFormat = 11, ppfd = 0000000000B7F0F0) ...
17:37:41:672 [04920] | INFO  | Redirecting wglCreateContext(hdc = 0000000070010B5E) ...
17:37:41:672 [04920] | INFO  | > Passing on to wglCreateLayerContext ...
17:37:41:672 [04920] | INFO  | Redirecting wglCreateLayerContext(hdc = 0000000070010B5E, iLayerPlane = 0) ...
17:37:41:675 [04920] | INFO  | Running on NVIDIA GeForce RTX 2060 SUPER/PCIe/SSE2 using OpenGL 4.6.0 NVIDIA 512.77
17:37:41:675 [04920] | INFO  | Redirecting wglChoosePixelFormatARB(hdc = 0000000070010B5E, piAttribIList = 0000000000B7F220, pfAttribFList = 0000000000B7F1BC, nMaxFormats = 1, piFormats = 0000000000B7F0E8, nNumFormats = 0000000000B7F0EC) ...
17:37:41:675 [04920] | INFO  | > Dumping attributes:
17:37:41:675 [04920] | INFO  |   +-----------------------------------------+-----------------------------------------+
17:37:41:675 [04920] | INFO  |   | Attribute                               | Value                                   |
17:37:41:675 [04920] | INFO  |   +-----------------------------------------+-----------------------------------------+
17:37:41:675 [04920] | INFO  |   | WGL_DRAW_TO_WINDOW_ARB                  | TRUE                                    |
17:37:41:675 [04920] | INFO  |   | WGL_RED_BITS_ARB                        | 8                                       |
17:37:41:675 [04920] | INFO  |   | WGL_GREEN_BITS_ARB                      | 8                                       |
17:37:41:675 [04920] | INFO  |   | WGL_BLUE_BITS_ARB                       | 8                                       |
17:37:41:675 [04920] | INFO  |   | WGL_DOUBLE_BUFFER_ARB                   | TRUE                                    |
17:37:41:675 [04920] | INFO  |   | WGL_DEPTH_BITS_ARB                      | 24                                      |
17:37:41:675 [04920] | INFO  |   | WGL_STENCIL_BITS_ARB                    | 8                                       |
17:37:41:675 [04920] | INFO  |   | WGL_ACCELERATION_ARB                    | 0x2027                                  |
17:37:41:675 [04920] | INFO  |   +-----------------------------------------+-----------------------------------------+
17:37:41:691 [04920] | INFO  | > Returning pixel format(s): 11
17:37:41:692 [04920] | INFO  | Redirecting wglDeleteContext(hglrc = 0000000000020000) ...
17:37:41:693 [04920] | INFO  | Redirecting wglSetPixelFormat(hdc = 000000007D010B67, iPixelFormat = 11, ppfd = 0000000000B7F1C0) ...
17:37:41:705 [04920] | INFO  | Redirecting wglCreateContext(hdc = 000000007D010B67) ...
17:37:41:705 [04920] | INFO  | > Passing on to wglCreateLayerContext ...
17:37:41:705 [04920] | INFO  | Redirecting wglCreateLayerContext(hdc = 000000007D010B67, iLayerPlane = 0) ...
17:37:41:707 [04920] | INFO  | Running on NVIDIA GeForce RTX 2060 SUPER/PCIe/SSE2 using OpenGL 4.6.0 NVIDIA 512.77
17:37:41:766 [04920] | INFO  | Installing delayed hooks for "C:\Windows\system32\d3d9.dll" (Just loaded via LoadLibrary("d3d9.dll")) ...
17:37:41:766 [04920] | INFO  | > Found 9 match(es). Installing ...
17:37:41:785 [04920] | INFO  | Redirecting Direct3DCreate9(SDKVersion = 32) ...
17:37:41:833 [04920] | INFO  | Redirecting wglCreateContext(hdc = 000000007D010B67) ...
17:37:41:833 [04920] | INFO  | > Passing on to wglCreateLayerContext ...
17:37:41:833 [04920] | INFO  | Redirecting wglCreateLayerContext(hdc = 000000007D010B67, iLayerPlane = 0) ...
17:37:41:856 [04920] | INFO  | Running on NVIDIA GeForce RTX 2060 SUPER/PCIe/SSE2 using OpenGL 4.6.0 NVIDIA 512.77
17:37:41:859 [04920] | INFO  | Resizing runtime 000000000E0B1340 on device context 000000007D010B67 to 496x384 ...
17:37:41:867 [04920] | INFO  | Recreated runtime environment on runtime 000000000E0B1340.
17:37:41:917 [04920] | INFO  | Loading image files for textures ...
17:37:41:919 [04920] | WARN  | Ignoring LoadLibrary("HID.DLL") call to avoid possible deadlock.
17:37:41:919 [04920] | WARN  | Ignoring LoadLibrary("SETUPAPI.DLL") call to avoid possible deadlock.
17:37:41:920 [04920] | WARN  | Ignoring LoadLibrary("WINMM.DLL") call to avoid possible deadlock.
17:37:41:920 [04920] | WARN  | Ignoring LoadLibrary("USER32.DLL") call to avoid possible deadlock.
17:37:42:175 [04920] | INFO  | Resizing runtime 000000000E0B1340 on device context 000000007D010B67 to 1280x720 ...
17:37:42:175 [04920] | INFO  | Destroyed runtime environment on runtime 000000000E0B1340.
17:37:42:182 [04920] | INFO  | Recreated runtime environment on runtime 000000000E0B1340.
17:37:42:233 [04920] | INFO  | Loading image files for textures ...
17:40:39:742 [04920] | WARN  | RegisterRawInputDevices failed with error code 87!
17:40:39:743 [04920] | INFO  | Redirecting wglDeleteContext(hglrc = 0000000000030000) ...
17:40:39:744 [04920] | INFO  | Destroyed runtime environment on runtime 000000000E0B1340.
17:40:39:966 [04920] | INFO  | Exiting ...
17:40:39:966 [04920] | INFO  | Uninstalling 442 hook(s) ...
17:40:39:983 [04920] | INFO  | Finished exiting.
