[Info]  Supermodel Version 0.3a-svn-845
[Info]  Started as:
[Info]    argv[0] = E:\RetroBat\emulators\supermodel\supermodel.exe
[Info]    argv[1] = -res=3840,2160
[Info]    argv[2] = -fullscreen
[Info]    argv[3] = -wide-screen
[Info]    argv[4] = -crosshairs=1
[Info]    argv[5] = -vsync
[Info]    argv[6] = E:\RetroBat\roms\model3\lostwsga.zip
[Info]  Opened E:\RetroBat\roms\model3\lostwsga.zip.
[Info]  lostwsga:
[Info]    banked_crom: stride=8, chunk size=2, byte swap=1
[Info]      mpr-19921.4, crc32=0x9af3227f, offset=0x00000000
[Info]      mpr-19920.3, crc32=0x8df33574, offset=0x00000002
[Info]      mpr-19919.2, crc32=0xff119949, offset=0x00000004
[Info]      mpr-19918.1, crc32=0x95b690e9, offset=0x00000006
[Info]      mpr-19925.8, crc32=0xcfa4bb49, offset=0x01000000
[Info]      mpr-19924.7, crc32=0x4ee3ddc5, offset=0x01000002
[Info]      mpr-19923.6, crc32=0xed515cb2, offset=0x01000004
[Info]      mpr-19922.5, crc32=0x4dfd7fc6, offset=0x01000006
[Info]      mpr-19929.12, crc32=0x16491f63, offset=0x02000000
[Info]      mpr-19928.11, crc32=0x9afd5d4a, offset=0x02000002
[Info]      mpr-19927.10, crc32=0x0c96ef11, offset=0x02000004
[Info]      mpr-19926.9, crc32=0x05a232e0, offset=0x02000006
[Info]      mpr-19933.16, crc32=0x8e2acd3b, offset=0x03000000
[Info]      mpr-19932.15, crc32=0x04389385, offset=0x03000002
[Info]      mpr-19931.14, crc32=0x448a5007, offset=0x03000004
[Info]      mpr-19930.13, crc32=0xb598c2f2, offset=0x03000006
[Info]    crom: stride=8, chunk size=2, byte swap=1
[Info]      epr-19936a.20, crc32=0x2f1ca664, offset=0x00000000
[Info]      epr-19937a.19, crc32=0x9dbf5712, offset=0x00000002
[Info]      epr-19938a.18, crc32=0x38afe27a, offset=0x00000004
[Info]      epr-19939a.17, crc32=0x8788b939, offset=0x00000006
[Info]    sound_program: stride=1, chunk size=1, byte swap=1
[Info]      epr-19940.21, crc32=0xb06ffe5f, offset=0x00000000
[Info]    sound_samples: stride=1, chunk size=1, byte swap=1
[Info]      mpr-19934.22, crc32=0xc7d8e194, offset=0x00000000
[Info]      mpr-19935.24, crc32=0x91c1b618, offset=0x00400000
[Info]    vrom: stride=32, chunk size=2, byte swap=0
[Info]      mpr-19902.26, crc32=0x178bd471, offset=0x00000000
[Info]      mpr-19903.27, crc32=0xfe575871, offset=0x00000002
[Info]      mpr-19904.28, crc32=0x57971d7d, offset=0x00000004
[Info]      mpr-19905.29, crc32=0x6fa122ee, offset=0x00000006
[Info]      mpr-19906.30, crc32=0xa5b16dd9, offset=0x00000008
[Info]      mpr-19907.31, crc32=0x84a425cd, offset=0x0000000a
[Info]      mpr-19908.32, crc32=0x7702aa7c, offset=0x0000000c
[Info]      mpr-19909.33, crc32=0x8fca65f9, offset=0x0000000e
[Info]      mpr-19910.34, crc32=0x1ef585e2, offset=0x00000010
[Info]      mpr-19911.35, crc32=0xca26a48d, offset=0x00000012
[Info]      mpr-19912.36, crc32=0xffe000e0, offset=0x00000014
[Info]      mpr-19913.37, crc32=0xc003049e, offset=0x00000016
[Info]      mpr-19914.38, crc32=0x3c21a953, offset=0x00000018
[Info]      mpr-19915.39, crc32=0xfd0f2a2b, offset=0x0000001a
[Info]      mpr-19916.40, crc32=0x10b0c52e, offset=0x0000001c
[Info]      mpr-19917.41, crc32=0x3035833b, offset=0x0000001e
[Info]  Runtime configuration:
[Info]    GameXMLFile=Config/Games.xml
[Info]    InitStateFile=
[Info]    MultiThreaded=1
[Info]    GPUMultiThreaded=1
[Info]    PowerPCFrequency=200
[Info]    MultiTexture=1
[Info]    VertexShader=
[Info]    FragmentShader=
[Info]    VertexShaderFog=
[Info]    FragmentShaderFog=
[Info]    VertexShader2D=
[Info]    FragmentShader2D=
[Info]    EmulateSound=1
[Info]    Balance=0
[Info]    EmulateDSB=1
[Info]    SoundVolume=100
[Info]    MusicVolume=100
[Info]    LegacySoundDSP=1
[Info]    ForceFeedback=1
[Info]    New3DEngine=0
[Info]    QuadRendering=1
[Info]    XResolution=3840
[Info]    YResolution=2160
[Info]    FullScreen=1
[Info]    WideScreen=1
[Info]    Stretch=1
[Info]    WideBackground=0
[Info]    VSync=1
[Info]    Throttle=1
[Info]    ShowFrameRate=0
[Info]    Crosshairs=1
[Info]    FlipStereo=0
[Info]    InputSystem=rawinput
[Info]    DirectInputConstForceLeftMax=100
[Info]    DirectInputConstForceRightMax=100
[Info]    DirectInputSelfCenterMax=42
[Info]    DirectInputFrictionMax=50
[Info]    DirectInputVibrateMax=58
[Info]    XInputConstForceThreshold=20
[Info]    XInputConstForceMax=100
[Info]    XInputVibrateMax=100
[Info]    SDLConstForceMax=100
[Info]    SDLSelfCenterMax=100
[Info]    SDLFrictionMax=100
[Info]    SDLVibrateMax=100
[Info]    EmulateNet=0
[Info]    Outputs=none
[Info]    port_in=1970
[Info]    port_out=1971
[Info]    addr_out=127.0.0.1
[Info]    InputStart1=KEY_1,JOY1_BUTTON8
[Info]    InputStart2=KEY_2,JOY2_BUTTON8
[Info]    InputCoin1=KEY_5,JOY1_BUTTON7
[Info]    InputCoin2=KEY_6,JOY2_BUTTON7
[Info]    InputServiceA=KEY_S
[Info]    InputServiceB=NONE
[Info]    InputTestA=KEY_T
[Info]    InputTestB=NONE
[Info]    InputJoyUp=KEY_UP,JOY1_UP,JOY1_POV1_UP
[Info]    InputJoyDown=KEY_DOWN,JOY1_DOWN,JOY1_POV1_DOWN
[Info]    InputJoyLeft=KEY_LEFT,JOY1_LEFT,JOY1_POV1_LEFT
[Info]    InputJoyRight=KEY_RIGHT,JOY1_RIGHT,JOY1_POV1_RIGHT
[Info]    InputJoyUp2=JOY2_UP,JOY2_POV1_UP
[Info]    InputJoyDown2=JOY2_DOWN,JOY2_POV1_DOWN
[Info]    InputJoyLeft2=JOY2_LEFT,JOY2_POV1_LEFT
[Info]    InputJoyRight2=JOY2_RIGHT,JOY2_POV1_RIGHT
[Info]    InputPunch=KEY_A,JOY1_BUTTON3
[Info]    InputKick=KEY_S,JOY1_BUTTON4
[Info]    InputGuard=KEY_D,JOY1_BUTTON1
[Info]    InputEscape=KEY_F,JOY1_BUTTON2
[Info]    InputPunch2=JOY2_BUTTON3
[Info]    InputKick2=JOY2_BUTTON4
[Info]    InputGuard2=JOY2_BUTTON1
[Info]    InputEscape2=JOY2_BUTTON2
[Info]    InputShift=KEY_A,JOY1_BUTTON2
[Info]    InputBeat=KEY_S,JOY1_BUTTON3
[Info]    InputCharge=KEY_D,JOY1_BUTTON4
[Info]    InputJump=KEY_F,JOY1_BUTTON1
[Info]    InputShortPass=KEY_A,JOY1_BUTTON3
[Info]    InputLongPass=KEY_S,JOY1_BUTTON4
[Info]    InputShoot=KEY_D,JOY1_BUTTON5
[Info]    InputShortPass2=JOY2_BUTTON3
[Info]    InputLongPass2=JOY2_BUTTON4
[Info]    InputShoot2=JOY2_BUTTON5
[Info]    InputSteeringLeft=KEY_LEFT,JOY1_POV1_LEFT
[Info]    InputSteeringRight=KEY_RIGHT,JOY1_POV1_RIGHT
[Info]    InputSteering=JOY1_XAXIS
[Info]    InputAccelerator=JOY1_RZAXIS_POS,JOY1_UP,JOY1_POV1_UP
[Info]    InputBrake=JOY1_ZAXIS_POS,JOY1_DOWN,JOY1_POV1_DOWN
[Info]    InputGearShiftUp=KEY_Y,JOY1_BUTTON6
[Info]    InputGearShiftDown=KEY_H,JOY1_BUTTON5
[Info]    InputGearShift1=KEY_Q,JOY1_BUTTON5
[Info]    InputGearShift2=KEY_W,JOY1_BUTTON6
[Info]    InputGearShift3=KEY_E,JOY1_BUTTON7
[Info]    InputGearShift4=KEY_R,JOY1_BUTTON8
[Info]    InputGearShiftN=KEY_T
[Info]    InputVR1=KEY_A,JOY1_BUTTON3
[Info]    InputVR2=KEY_S,JOY1_BUTTON4
[Info]    InputVR3=KEY_D,JOY1_BUTTON1
[Info]    InputVR4=KEY_F,JOY1_BUTTON2
[Info]    InputViewChange=KEY_A,JOY1_BUTTON3
[Info]    InputHandBrake=JOY1_DOWN,JOY1_ZAXIS_POS
[Info]    InputRearBrake=JOY1_DOWN,JOY1_ZAXIS_POS
[Info]    InputMusicSelect=KEY_D,JOY1_BUTTON3
[Info]    InputTwinJoyTurnLeft=KEY_Q,JOY1_RXAXIS_NEG,JOY1_LEFT
[Info]    InputTwinJoyTurnRight=KEY_W,JOY1_RXAXIS_POS,JOY1_RIGHT
[Info]    InputTwinJoyForward=KEY_UP,JOY1_YAXIS_NEG,JOY1_UP
[Info]    InputTwinJoyReverse=KEY_DOWN,JOY1_YAXIS_POS,JOY1_DOWN
[Info]    InputTwinJoyStrafeLeft=KEY_LEFT,JOY1_XAXIS_NEG
[Info]    InputTwinJoyStrafeRight=KEY_RIGHT,JOY1_XAXIS_POS
[Info]    InputTwinJoyJump=KEY_E,JOY1_BUTTON1
[Info]    InputTwinJoyCrouch=KEY_R,JOY1_BUTTON2
[Info]    InputTwinJoyLeft1=NONE
[Info]    InputTwinJoyLeft2=NONE
[Info]    InputTwinJoyRight1=NONE
[Info]    InputTwinJoyRight2=NONE
[Info]    InputTwinJoyUp1=NONE
[Info]    InputTwinJoyUp2=NONE
[Info]    InputTwinJoyDown1=NONE
[Info]    InputTwinJoyDown2=NONE
[Info]    InputTwinJoyShot1=KEY_A,JOY1_BUTTON3
[Info]    InputTwinJoyShot2=KEY_S,JOY1_BUTTON4
[Info]    InputTwinJoyTurbo1=KEY_Z,JOY1_BUTTON5
[Info]    InputTwinJoyTurbo2=KEY_X,JOY1_BUTTON6
[Info]    InputAnalogJoyLeft=KEY_LEFT,JOY1_POV1_LEFT,JOY1_LEFT
[Info]    InputAnalogJoyRight=KEY_RIGHT,JOY1_POV1_RIGHT,JOY1_RIGHT
[Info]    InputAnalogJoyUp=KEY_UP,JOY1_POV1_UP,JOY1_UP
[Info]    InputAnalogJoyDown=KEY_DOWN,JOY1_POV1_DOWN,JOY1_DOWN
[Info]    InputAnalogJoyX=JOY_XAXIS,MOUSE_XAXIS_INV
[Info]    InputAnalogJoyY=JOY_YAXIS,MOUSE_YAXIS_INV
[Info]    InputAnalogJoyTrigger=KEY_A,JOY1_BUTTON3,MOUSE_LEFT_BUTTON
[Info]    InputAnalogJoyEvent=KEY_S,JOY1_BUTTON4,MOUSE_RIGHT_BUTTON
[Info]    InputAnalogJoyTrigger2=KEY_D,JOY1_BUTTON1
[Info]    InputAnalogJoyEvent2=JOY1_BUTTON2
[Info]    InputGunLeft=KEY_LEFT
[Info]    InputGunRight=KEY_RIGHT
[Info]    InputGunUp=KEY_UP
[Info]    InputGunDown=KEY_DOWN
[Info]    InputGunX=MOUSE2_XAXIS,JOY1_XAXIS
[Info]    InputGunY=MOUSE2_YAXIS,JOY1_YAXIS
[Info]    InputTrigger=KEY_A,JOY1_BUTTON1,MOUSE2_LEFT_BUTTON
[Info]    InputOffscreen=KEY_L,JOY1_BUTTON2,MOUSE2_RIGHT_BUTTON
[Info]    InputAutoTrigger=0
[Info]    InputGunLeft2=NONE
[Info]    InputGunRight2=NONE
[Info]    InputGunUp2=NONE
[Info]    InputGunDown2=NONE
[Info]    InputGunX2=MOUSE_XAXIS,JOY2_XAXIS
[Info]    InputGunY2=MOUSE_YAXIS,JOY2_YAXIS
[Info]    InputTrigger2=KEY_Z,JOY2_BUTTON1,MOUSE_LEFT_BUTTON
[Info]    InputOffscreen2=KEY_R,JOY2_BUTTON2,MOUSE_RIGHT_BUTTON
[Info]    InputAutoTrigger2=0
[Info]    InputAnalogGunLeft=KEY_LEFT
[Info]    InputAnalogGunRight=KEY_RIGHT
[Info]    InputAnalogGunUp=KEY_UP
[Info]    InputAnalogGunDown=KEY_DOWN
[Info]    InputAnalogGunX=MOUSE2_XAXIS,JOY1_XAXIS
[Info]    InputAnalogGunY=MOUSE2_YAXIS,JOY1_YAXIS
[Info]    InputAnalogTriggerLeft=KEY_A,JOY1_BUTTON1,MOUSE2_LEFT_BUTTON
[Info]    InputAnalogTriggerRight=KEY_L,JOY1_BUTTON2,MOUSE2_RIGHT_BUTTON
[Info]    InputAnalogGunLeft2=NONE
[Info]    InputAnalogGunRight2=NONE
[Info]    InputAnalogGunUp2=NONE
[Info]    InputAnalogGunDown2=NONE
[Info]    InputAnalogGunX2=MOUSE_XAXIS,JOY2_XAXIS
[Info]    InputAnalogGunY2=MOUSE_YAXIS,JOY2_YAXIS
[Info]    InputAnalogTriggerLeft2=KEY_Z,JOY2_BUTTON1,MOUSE_LEFT_BUTTON
[Info]    InputAnalogTriggerRight2=KEY_R,JOY2_BUTTON2,MOUSE_RIGHT_BUTTON
[Info]    InputSkiLeft=KEY_LEFT,JOY1_POV1_LEFT
[Info]    InputSkiRight=KEY_RIGHT,JOY1_POV1_RIGHT
[Info]    InputSkiUp=KEY_UP,JOY1_POV1_UP
[Info]    InputSkiDown=KEY_DOWN,JOY1_POV1_DOWN
[Info]    InputSkiX=JOY1_XAXIS
[Info]    InputSkiY=JOY1_YAXIS
[Info]    InputSkiPollLeft=KEY_A,JOY1_BUTTON1
[Info]    InputSkiPollRight=KEY_S,JOY1_BUTTON2
[Info]    InputSkiSelect1=KEY_Q,JOY1_BUTTON3
[Info]    InputSkiSelect2=KEY_W,JOY1_BUTTON4
[Info]    InputSkiSelect3=KEY_E,JOY1_BUTTON5
[Info]    InputMagicalLeverUp1=KEY_UP
[Info]    InputMagicalLeverDown1=KEY_DOWN
[Info]    InputMagicalLeverUp2=NONE
[Info]    InputMagicalLeverDown2=NONE
[Info]    InputMagicalLever1=JOY1_YAXIS
[Info]    InputMagicalLever2=JOY2_YAXIS
[Info]    InputMagicalPedal1=KEY_A,JOY1_BUTTON1
[Info]    InputMagicalPedal2=KEY_S,JOY2_BUTTON1
[Info]    InputFishingRodLeft=JOY1_POV1_LEFT
[Info]    InputFishingRodRight=JOY1_POV1_RIGHT
[Info]    InputFishingRodUp=JOY1_POV1_UP
[Info]    InputFishingRodDown=JOY1_POV1_DOWN
[Info]    InputFishingStickLeft=KEY_LEFT
[Info]    InputFishingStickRight=KEY_RIGHT
[Info]    InputFishingStickUp=KEY_UP
[Info]    InputFishingStickDown=KEY_DOWN
[Info]    InputFishingRodX=JOY1_XAXIS
[Info]    InputFishingRodY=JOY1_YAXIS
[Info]    InputFishingStickX=JOY1_RXAXIS
[Info]    InputFishingStickY=JOY1_RYAXIS
[Info]    InputFishingReel=KEY_SPACE,JOY1_ZAXIS_POS
[Info]    InputFishingCast=KEY_Z,JOY1_BUTTON1
[Info]    InputFishingSelect=KEY_X,JOY1_BUTTON2
[Info]    InputFishingTension=KEY_T,JOY1_RZAXIS_POS
[Info]    LogOutput=Supermodel.log
[Info]    LogLevel=info
[Info]    DirectInputConstForceMax=25
[Info]  
[Info]  OpenGL information:
[Info]    Vendor                   : NVIDIA Corporation
[Info]    Renderer                 : NVIDIA GeForce RTX 2060 SUPER/PCIe/SSE2
[Info]    Version                  : 4.6.0 NVIDIA 512.77
[Info]    Shading Language Version : 4.60 NVIDIA
[Info]    Maximum Vertex Array Size: 1048576 vertices
[Info]    Maximum Texture Size     : 32768 texels
[Info]    Maximum Vertex Attributes: 16
[Info]    Maximum Vertex Uniforms  : 4096
[Info]    Maximum Texture Img Units: 32
[Info]  
[Info]  Static vertex buffer size: 69.43 MB
[Info]  Dynamic vertex buffer size: 6.35 MB
[Info]  Located and bound 8 'textureMap' uniform(s) in fragment shader.
[Info]  Created 8 2048x2048-texel GL texture map(s).
[Info]  Mapped 8 Model3 texture formats to 8 texture sheet(s) in 8 2048x2048-texel texture map(s).
[Error] Unable to save NVRAM to 'NVRAM/lostwsga.nv'. Make sure directory exists!
[Info]  Program terminated normally.
